  [1m[35mSQL (0.1ms)[0m  [1m[35mSET search_path TO public /*application='RailsAipostsNoRules'*/[0m
  [1m[35m (165.1ms)[0m  [1m[35mCREATE DATABASE "rails_aiposts_no_rules_development" ENCODING = 'unicode' /*application='RailsAipostsNoRules'*/[0m
  [1m[35mSQL (0.1ms)[0m  [1m[35mSET search_path TO public /*application='RailsAipostsNoRules'*/[0m
  [1m[35m (111.9ms)[0m  [1m[35mCREATE DATABASE "rails_aiposts_no_rules_test" ENCODING = 'unicode' /*application='RailsAipostsNoRules'*/[0m
  [1m[35m (4.7ms)[0m  [1m[35mCREATE TABLE "schema_migrations" ("version" character varying NOT NULL PRIMARY KEY) /*application='RailsAipostsNoRules'*/[0m
  [1m[35m (2.1ms)[0m  [1m[35mCREATE TABLE "ar_internal_metadata" ("key" character varying NOT NULL PRIMARY KEY, "value" character varying, "created_at" timestamp(6) NOT NULL, "updated_at" timestamp(6) NOT NULL) /*application='RailsAipostsNoRules'*/[0m
  [1m[35m (0.2ms)[0m  [1m[34mSELECT pg_try_advisory_lock(6448643260712567145) /*application='RailsAipostsNoRules'*/[0m
  [1m[36mActiveRecord::SchemaMigration Load (0.5ms)[0m  [1m[34mSELECT "schema_migrations"."version" FROM "schema_migrations" ORDER BY "schema_migrations"."version" ASC /*application='RailsAipostsNoRules'*/[0m
  [1m[36mActiveRecord::InternalMetadata Load (1.0ms)[0m  [1m[34mSELECT * FROM "ar_internal_metadata" WHERE "ar_internal_metadata"."key" = 'environment' ORDER BY "ar_internal_metadata"."key" ASC LIMIT 1 /*application='RailsAipostsNoRules'*/[0m
  [1m[36mActiveRecord::InternalMetadata Create (1.4ms)[0m  [1m[32mINSERT INTO "ar_internal_metadata" ("key", "value", "created_at", "updated_at") VALUES ('environment', 'development', '2025-09-22 21:00:33.806314', '2025-09-22 21:00:33.806315') RETURNING "key" /*application='RailsAipostsNoRules'*/[0m
Migrating to CreateUsers (20250922205118)
  [1m[36mTRANSACTION (0.2ms)[0m  [1m[35mBEGIN /*application='RailsAipostsNoRules'*/[0m
  [1m[35m (4.8ms)[0m  [1m[35mCREATE TABLE "users" ("id" bigserial primary key, "first_name" character varying NOT NULL, "last_name" character varying NOT NULL, "username" character varying NOT NULL, "email" character varying NOT NULL, "password_digest" character varying NOT NULL, "bio" text, "website" character varying, "location" character varying, "created_at" timestamp(6) NOT NULL, "updated_at" timestamp(6) NOT NULL) /*application='RailsAipostsNoRules'*/[0m
  [1m[35m (1.0ms)[0m  [1m[35mCREATE UNIQUE INDEX "index_users_on_email" ON "users" ("email") /*application='RailsAipostsNoRules'*/[0m
  [1m[35m (1.0ms)[0m  [1m[35mCREATE UNIQUE INDEX "index_users_on_username" ON "users" ("username") /*application='RailsAipostsNoRules'*/[0m
  [1m[35m (0.9ms)[0m  [1m[35mCREATE INDEX "index_users_on_first_name_and_last_name" ON "users" ("first_name", "last_name") /*application='RailsAipostsNoRules'*/[0m
  [1m[35m (0.7ms)[0m  [1m[35mCREATE INDEX "index_users_on_location" ON "users" ("location") /*application='RailsAipostsNoRules'*/[0m
  [1m[36mActiveRecord::SchemaMigration Create (0.2ms)[0m  [1m[32mINSERT INTO "schema_migrations" ("version") VALUES ('20250922205118') RETURNING "version" /*application='RailsAipostsNoRules'*/[0m
  [1m[36mTRANSACTION (0.5ms)[0m  [1m[35mCOMMIT /*application='RailsAipostsNoRules'*/[0m
Migrating to CreatePosts (20250922205123)
  [1m[36mTRANSACTION (0.3ms)[0m  [1m[35mBEGIN /*application='RailsAipostsNoRules'*/[0m
  [1m[35m (5.9ms)[0m  [1m[35mCREATE TABLE "posts" ("id" bigserial primary key, "content" text NOT NULL, "tags" text, "user_id" bigint NOT NULL, "created_at" timestamp(6) NOT NULL, "updated_at" timestamp(6) NOT NULL, CONSTRAINT "fk_rails_5b5ddfd518"
FOREIGN KEY ("user_id")
  REFERENCES "users" ("id")
) /*application='RailsAipostsNoRules'*/[0m
  [1m[35m (0.8ms)[0m  [1m[35mCREATE INDEX "index_posts_on_user_id" ON "posts" ("user_id") /*application='RailsAipostsNoRules'*/[0m
  [1m[35m (2.4ms)[0m  [1m[35mCREATE INDEX "index_posts_on_user_id" ON "posts" ("user_id") /*application='RailsAipostsNoRules'*/[0m
  [1m[36mTRANSACTION (0.2ms)[0m  [1m[31mROLLBACK /*application='RailsAipostsNoRules'*/[0m
  [1m[35m (0.2ms)[0m  [1m[34mSELECT pg_advisory_unlock(6448643260712567145) /*application='RailsAipostsNoRules'*/[0m
  [1m[36mActiveRecord::SchemaMigration Load (0.9ms)[0m  [1m[34mSELECT "schema_migrations"."version" FROM "schema_migrations" ORDER BY "schema_migrations"."version" ASC /*application='RailsAipostsNoRules'*/[0m
  [1m[36mActiveRecord::InternalMetadata Load (1.1ms)[0m  [1m[34mSELECT * FROM "ar_internal_metadata" WHERE "ar_internal_metadata"."key" = 'environment' ORDER BY "ar_internal_metadata"."key" ASC LIMIT 1 /*application='RailsAipostsNoRules'*/[0m
  [1m[36mActiveRecord::SchemaMigration Load (0.1ms)[0m  [1m[34mSELECT "schema_migrations"."version" FROM "schema_migrations" ORDER BY "schema_migrations"."version" ASC /*application='RailsAipostsNoRules'*/[0m
  [1m[36mActiveRecord::InternalMetadata Load (0.1ms)[0m  [1m[34mSELECT * FROM "ar_internal_metadata" WHERE "ar_internal_metadata"."key" = 'environment' ORDER BY "ar_internal_metadata"."key" ASC LIMIT 1 /*application='RailsAipostsNoRules'*/[0m
  [1m[36mActiveRecord::SchemaMigration Load (0.1ms)[0m  [1m[34mSELECT "schema_migrations"."version" FROM "schema_migrations" ORDER BY "schema_migrations"."version" ASC /*application='RailsAipostsNoRules'*/[0m
  [1m[36mActiveRecord::InternalMetadata Load (0.1ms)[0m  [1m[34mSELECT * FROM "ar_internal_metadata" WHERE "ar_internal_metadata"."key" = 'environment' ORDER BY "ar_internal_metadata"."key" ASC LIMIT 1 /*application='RailsAipostsNoRules'*/[0m
  [1m[35mSQL (0.1ms)[0m  [1m[35mSET search_path TO public /*application='RailsAipostsNoRules'*/[0m
  [1m[35m (149.0ms)[0m  [1m[35mDROP DATABASE IF EXISTS "rails_aiposts_no_rules_development" /*application='RailsAipostsNoRules'*/[0m
  [1m[35mSQL (0.0ms)[0m  [1m[35mSET search_path TO public /*application='RailsAipostsNoRules'*/[0m
  [1m[35m (29.1ms)[0m  [1m[35mDROP DATABASE IF EXISTS "rails_aiposts_no_rules_test" /*application='RailsAipostsNoRules'*/[0m
  [1m[35mSQL (0.1ms)[0m  [1m[35mSET search_path TO public /*application='RailsAipostsNoRules'*/[0m
  [1m[35m (122.2ms)[0m  [1m[35mCREATE DATABASE "rails_aiposts_no_rules_development" ENCODING = 'unicode' /*application='RailsAipostsNoRules'*/[0m
  [1m[35mSQL (0.0ms)[0m  [1m[35mSET search_path TO public /*application='RailsAipostsNoRules'*/[0m
  [1m[35m (50.6ms)[0m  [1m[35mCREATE DATABASE "rails_aiposts_no_rules_test" ENCODING = 'unicode' /*application='RailsAipostsNoRules'*/[0m
  [1m[35m (10.5ms)[0m  [1m[35mCREATE TABLE "schema_migrations" ("version" character varying NOT NULL PRIMARY KEY) /*application='RailsAipostsNoRules'*/[0m
  [1m[35m (1.7ms)[0m  [1m[35mCREATE TABLE "ar_internal_metadata" ("key" character varying NOT NULL PRIMARY KEY, "value" character varying, "created_at" timestamp(6) NOT NULL, "updated_at" timestamp(6) NOT NULL) /*application='RailsAipostsNoRules'*/[0m
  [1m[35m (0.1ms)[0m  [1m[34mSELECT pg_try_advisory_lock(6448643260712567145) /*application='RailsAipostsNoRules'*/[0m
  [1m[36mActiveRecord::SchemaMigration Load (0.3ms)[0m  [1m[34mSELECT "schema_migrations"."version" FROM "schema_migrations" ORDER BY "schema_migrations"."version" ASC /*application='RailsAipostsNoRules'*/[0m
  [1m[36mActiveRecord::InternalMetadata Load (0.4ms)[0m  [1m[34mSELECT * FROM "ar_internal_metadata" WHERE "ar_internal_metadata"."key" = 'environment' ORDER BY "ar_internal_metadata"."key" ASC LIMIT 1 /*application='RailsAipostsNoRules'*/[0m
  [1m[36mActiveRecord::InternalMetadata Create (1.0ms)[0m  [1m[32mINSERT INTO "ar_internal_metadata" ("key", "value", "created_at", "updated_at") VALUES ('environment', 'development', '2025-09-22 21:00:43.839937', '2025-09-22 21:00:43.839938') RETURNING "key" /*application='RailsAipostsNoRules'*/[0m
Migrating to CreateUsers (20250922205118)
  [1m[36mTRANSACTION (0.1ms)[0m  [1m[35mBEGIN /*application='RailsAipostsNoRules'*/[0m
  [1m[35m (2.5ms)[0m  [1m[35mCREATE TABLE "users" ("id" bigserial primary key, "first_name" character varying NOT NULL, "last_name" character varying NOT NULL, "username" character varying NOT NULL, "email" character varying NOT NULL, "password_digest" character varying NOT NULL, "bio" text, "website" character varying, "location" character varying, "created_at" timestamp(6) NOT NULL, "updated_at" timestamp(6) NOT NULL) /*application='RailsAipostsNoRules'*/[0m
  [1m[35m (0.4ms)[0m  [1m[35mCREATE UNIQUE INDEX "index_users_on_email" ON "users" ("email") /*application='RailsAipostsNoRules'*/[0m
  [1m[35m (0.2ms)[0m  [1m[35mCREATE UNIQUE INDEX "index_users_on_username" ON "users" ("username") /*application='RailsAipostsNoRules'*/[0m
  [1m[35m (0.2ms)[0m  [1m[35mCREATE INDEX "index_users_on_first_name_and_last_name" ON "users" ("first_name", "last_name") /*application='RailsAipostsNoRules'*/[0m
  [1m[35m (0.2ms)[0m  [1m[35mCREATE INDEX "index_users_on_location" ON "users" ("location") /*application='RailsAipostsNoRules'*/[0m
  [1m[36mActiveRecord::SchemaMigration Create (0.1ms)[0m  [1m[32mINSERT INTO "schema_migrations" ("version") VALUES ('20250922205118') RETURNING "version" /*application='RailsAipostsNoRules'*/[0m
  [1m[36mTRANSACTION (0.6ms)[0m  [1m[35mCOMMIT /*application='RailsAipostsNoRules'*/[0m
Migrating to CreatePosts (20250922205123)
  [1m[36mTRANSACTION (0.4ms)[0m  [1m[35mBEGIN /*application='RailsAipostsNoRules'*/[0m
  [1m[35m (5.5ms)[0m  [1m[35mCREATE TABLE "posts" ("id" bigserial primary key, "content" text NOT NULL, "tags" text, "user_id" bigint NOT NULL, "created_at" timestamp(6) NOT NULL, "updated_at" timestamp(6) NOT NULL, CONSTRAINT "fk_rails_5b5ddfd518"
FOREIGN KEY ("user_id")
  REFERENCES "users" ("id")
) /*application='RailsAipostsNoRules'*/[0m
  [1m[35m (0.7ms)[0m  [1m[35mCREATE INDEX "index_posts_on_user_id" ON "posts" ("user_id") /*application='RailsAipostsNoRules'*/[0m
  [1m[35m (0.8ms)[0m  [1m[35mCREATE INDEX "index_posts_on_created_at" ON "posts" ("created_at") /*application='RailsAipostsNoRules'*/[0m
  [1m[35m (0.8ms)[0m  [1m[35mCREATE INDEX "index_posts_on_tags" ON "posts" ("tags") /*application='RailsAipostsNoRules'*/[0m
  [1m[36mActiveRecord::SchemaMigration Create (0.2ms)[0m  [1m[32mINSERT INTO "schema_migrations" ("version") VALUES ('20250922205123') RETURNING "version" /*application='RailsAipostsNoRules'*/[0m
  [1m[36mTRANSACTION (0.4ms)[0m  [1m[35mCOMMIT /*application='RailsAipostsNoRules'*/[0m
Migrating to CreateComments (20250922205126)
  [1m[36mTRANSACTION (0.3ms)[0m  [1m[35mBEGIN /*application='RailsAipostsNoRules'*/[0m
  [1m[35m (4.6ms)[0m  [1m[35mCREATE TABLE "comments" ("id" bigserial primary key, "content" text, "user_id" bigint NOT NULL, "post_id" bigint NOT NULL, "created_at" timestamp(6) NOT NULL, "updated_at" timestamp(6) NOT NULL, CONSTRAINT "fk_rails_03de2dc08c"
FOREIGN KEY ("user_id")
  REFERENCES "users" ("id")
, CONSTRAINT "fk_rails_2fd19c0db7"
FOREIGN KEY ("post_id")
  REFERENCES "posts" ("id")
) /*application='RailsAipostsNoRules'*/[0m
  [1m[35m (1.2ms)[0m  [1m[35mCREATE INDEX "index_comments_on_user_id" ON "comments" ("user_id") /*application='RailsAipostsNoRules'*/[0m
  [1m[35m (0.7ms)[0m  [1m[35mCREATE INDEX "index_comments_on_post_id" ON "comments" ("post_id") /*application='RailsAipostsNoRules'*/[0m
  [1m[36mActiveRecord::SchemaMigration Create (0.1ms)[0m  [1m[32mINSERT INTO "schema_migrations" ("version") VALUES ('20250922205126') RETURNING "version" /*application='RailsAipostsNoRules'*/[0m
  [1m[36mTRANSACTION (0.1ms)[0m  [1m[35mCOMMIT /*application='RailsAipostsNoRules'*/[0m
Migrating to CreateLikes (20250922205130)
  [1m[36mTRANSACTION (0.2ms)[0m  [1m[35mBEGIN /*application='RailsAipostsNoRules'*/[0m
  [1m[35m (2.5ms)[0m  [1m[35mCREATE TABLE "likes" ("id" bigserial primary key, "user_id" bigint NOT NULL, "post_id" bigint NOT NULL, "created_at" timestamp(6) NOT NULL, "updated_at" timestamp(6) NOT NULL, CONSTRAINT "fk_rails_1e09b5dabf"
FOREIGN KEY ("user_id")
  REFERENCES "users" ("id")
, CONSTRAINT "fk_rails_87a8aac469"
FOREIGN KEY ("post_id")
  REFERENCES "posts" ("id")
) /*application='RailsAipostsNoRules'*/[0m
  [1m[35m (0.6ms)[0m  [1m[35mCREATE INDEX "index_likes_on_user_id" ON "likes" ("user_id") /*application='RailsAipostsNoRules'*/[0m
  [1m[35m (0.5ms)[0m  [1m[35mCREATE INDEX "index_likes_on_post_id" ON "likes" ("post_id") /*application='RailsAipostsNoRules'*/[0m
  [1m[35m (0.8ms)[0m  [1m[35mCREATE UNIQUE INDEX "index_likes_on_user_id_and_post_id" ON "likes" ("user_id", "post_id") /*application='RailsAipostsNoRules'*/[0m
  [1m[35m (2.2ms)[0m  [1m[35mCREATE INDEX "index_likes_on_post_id" ON "likes" ("post_id") /*application='RailsAipostsNoRules'*/[0m
  [1m[36mTRANSACTION (0.2ms)[0m  [1m[31mROLLBACK /*application='RailsAipostsNoRules'*/[0m
  [1m[35m (0.2ms)[0m  [1m[34mSELECT pg_advisory_unlock(6448643260712567145) /*application='RailsAipostsNoRules'*/[0m
  [1m[36mActiveRecord::SchemaMigration Load (0.9ms)[0m  [1m[34mSELECT "schema_migrations"."version" FROM "schema_migrations" ORDER BY "schema_migrations"."version" ASC /*application='RailsAipostsNoRules'*/[0m
  [1m[36mActiveRecord::InternalMetadata Load (0.9ms)[0m  [1m[34mSELECT * FROM "ar_internal_metadata" WHERE "ar_internal_metadata"."key" = 'environment' ORDER BY "ar_internal_metadata"."key" ASC LIMIT 1 /*application='RailsAipostsNoRules'*/[0m
  [1m[36mActiveRecord::SchemaMigration Load (0.1ms)[0m  [1m[34mSELECT "schema_migrations"."version" FROM "schema_migrations" ORDER BY "schema_migrations"."version" ASC /*application='RailsAipostsNoRules'*/[0m
  [1m[36mActiveRecord::InternalMetadata Load (0.1ms)[0m  [1m[34mSELECT * FROM "ar_internal_metadata" WHERE "ar_internal_metadata"."key" = 'environment' ORDER BY "ar_internal_metadata"."key" ASC LIMIT 1 /*application='RailsAipostsNoRules'*/[0m
  [1m[36mActiveRecord::SchemaMigration Load (0.1ms)[0m  [1m[34mSELECT "schema_migrations"."version" FROM "schema_migrations" ORDER BY "schema_migrations"."version" ASC /*application='RailsAipostsNoRules'*/[0m
  [1m[36mActiveRecord::InternalMetadata Load (0.1ms)[0m  [1m[34mSELECT * FROM "ar_internal_metadata" WHERE "ar_internal_metadata"."key" = 'environment' ORDER BY "ar_internal_metadata"."key" ASC LIMIT 1 /*application='RailsAipostsNoRules'*/[0m
  [1m[35mSQL (0.0ms)[0m  [1m[35mSET search_path TO public /*application='RailsAipostsNoRules'*/[0m
  [1m[35m (35.8ms)[0m  [1m[35mDROP DATABASE IF EXISTS "rails_aiposts_no_rules_development" /*application='RailsAipostsNoRules'*/[0m
  [1m[35mSQL (0.0ms)[0m  [1m[35mSET search_path TO public /*application='RailsAipostsNoRules'*/[0m
  [1m[35m (28.3ms)[0m  [1m[35mDROP DATABASE IF EXISTS "rails_aiposts_no_rules_test" /*application='RailsAipostsNoRules'*/[0m
  [1m[35mSQL (0.1ms)[0m  [1m[35mSET search_path TO public /*application='RailsAipostsNoRules'*/[0m
  [1m[35m (138.5ms)[0m  [1m[35mCREATE DATABASE "rails_aiposts_no_rules_development" ENCODING = 'unicode' /*application='RailsAipostsNoRules'*/[0m
  [1m[35mSQL (0.0ms)[0m  [1m[35mSET search_path TO public /*application='RailsAipostsNoRules'*/[0m
  [1m[35m (55.5ms)[0m  [1m[35mCREATE DATABASE "rails_aiposts_no_rules_test" ENCODING = 'unicode' /*application='RailsAipostsNoRules'*/[0m
  [1m[35m (4.8ms)[0m  [1m[35mCREATE TABLE "schema_migrations" ("version" character varying NOT NULL PRIMARY KEY) /*application='RailsAipostsNoRules'*/[0m
  [1m[35m (1.1ms)[0m  [1m[35mCREATE TABLE "ar_internal_metadata" ("key" character varying NOT NULL PRIMARY KEY, "value" character varying, "created_at" timestamp(6) NOT NULL, "updated_at" timestamp(6) NOT NULL) /*application='RailsAipostsNoRules'*/[0m
  [1m[35m (0.1ms)[0m  [1m[34mSELECT pg_try_advisory_lock(6448643260712567145) /*application='RailsAipostsNoRules'*/[0m
  [1m[36mActiveRecord::SchemaMigration Load (0.2ms)[0m  [1m[34mSELECT "schema_migrations"."version" FROM "schema_migrations" ORDER BY "schema_migrations"."version" ASC /*application='RailsAipostsNoRules'*/[0m
  [1m[36mActiveRecord::InternalMetadata Load (0.5ms)[0m  [1m[34mSELECT * FROM "ar_internal_metadata" WHERE "ar_internal_metadata"."key" = 'environment' ORDER BY "ar_internal_metadata"."key" ASC LIMIT 1 /*application='RailsAipostsNoRules'*/[0m
  [1m[36mActiveRecord::InternalMetadata Create (0.9ms)[0m  [1m[32mINSERT INTO "ar_internal_metadata" ("key", "value", "created_at", "updated_at") VALUES ('environment', 'development', '2025-09-22 21:00:53.308844', '2025-09-22 21:00:53.308847') RETURNING "key" /*application='RailsAipostsNoRules'*/[0m
Migrating to CreateUsers (20250922205118)
  [1m[36mTRANSACTION (0.1ms)[0m  [1m[35mBEGIN /*application='RailsAipostsNoRules'*/[0m
  [1m[35m (2.7ms)[0m  [1m[35mCREATE TABLE "users" ("id" bigserial primary key, "first_name" character varying NOT NULL, "last_name" character varying NOT NULL, "username" character varying NOT NULL, "email" character varying NOT NULL, "password_digest" character varying NOT NULL, "bio" text, "website" character varying, "location" character varying, "created_at" timestamp(6) NOT NULL, "updated_at" timestamp(6) NOT NULL) /*application='RailsAipostsNoRules'*/[0m
  [1m[35m (0.3ms)[0m  [1m[35mCREATE UNIQUE INDEX "index_users_on_email" ON "users" ("email") /*application='RailsAipostsNoRules'*/[0m
  [1m[35m (0.2ms)[0m  [1m[35mCREATE UNIQUE INDEX "index_users_on_username" ON "users" ("username") /*application='RailsAipostsNoRules'*/[0m
  [1m[35m (0.2ms)[0m  [1m[35mCREATE INDEX "index_users_on_first_name_and_last_name" ON "users" ("first_name", "last_name") /*application='RailsAipostsNoRules'*/[0m
  [1m[35m (0.3ms)[0m  [1m[35mCREATE INDEX "index_users_on_location" ON "users" ("location") /*application='RailsAipostsNoRules'*/[0m
  [1m[36mActiveRecord::SchemaMigration Create (0.1ms)[0m  [1m[32mINSERT INTO "schema_migrations" ("version") VALUES ('20250922205118') RETURNING "version" /*application='RailsAipostsNoRules'*/[0m
  [1m[36mTRANSACTION (0.1ms)[0m  [1m[35mCOMMIT /*application='RailsAipostsNoRules'*/[0m
Migrating to CreatePosts (20250922205123)
  [1m[36mTRANSACTION (0.1ms)[0m  [1m[35mBEGIN /*application='RailsAipostsNoRules'*/[0m
  [1m[35m (3.6ms)[0m  [1m[35mCREATE TABLE "posts" ("id" bigserial primary key, "content" text NOT NULL, "tags" text, "user_id" bigint NOT NULL, "created_at" timestamp(6) NOT NULL, "updated_at" timestamp(6) NOT NULL, CONSTRAINT "fk_rails_5b5ddfd518"
FOREIGN KEY ("user_id")
  REFERENCES "users" ("id")
) /*application='RailsAipostsNoRules'*/[0m
  [1m[35m (0.2ms)[0m  [1m[35mCREATE INDEX "index_posts_on_user_id" ON "posts" ("user_id") /*application='RailsAipostsNoRules'*/[0m
  [1m[35m (0.4ms)[0m  [1m[35mCREATE INDEX "index_posts_on_created_at" ON "posts" ("created_at") /*application='RailsAipostsNoRules'*/[0m
  [1m[35m (0.3ms)[0m  [1m[35mCREATE INDEX "index_posts_on_tags" ON "posts" ("tags") /*application='RailsAipostsNoRules'*/[0m
  [1m[36mActiveRecord::SchemaMigration Create (0.0ms)[0m  [1m[32mINSERT INTO "schema_migrations" ("version") VALUES ('20250922205123') RETURNING "version" /*application='RailsAipostsNoRules'*/[0m
  [1m[36mTRANSACTION (0.1ms)[0m  [1m[35mCOMMIT /*application='RailsAipostsNoRules'*/[0m
Migrating to CreateComments (20250922205126)
  [1m[36mTRANSACTION (0.1ms)[0m  [1m[35mBEGIN /*application='RailsAipostsNoRules'*/[0m
  [1m[35m (2.1ms)[0m  [1m[35mCREATE TABLE "comments" ("id" bigserial primary key, "content" text, "user_id" bigint NOT NULL, "post_id" bigint NOT NULL, "created_at" timestamp(6) NOT NULL, "updated_at" timestamp(6) NOT NULL, CONSTRAINT "fk_rails_03de2dc08c"
FOREIGN KEY ("user_id")
  REFERENCES "users" ("id")
, CONSTRAINT "fk_rails_2fd19c0db7"
FOREIGN KEY ("post_id")
  REFERENCES "posts" ("id")
) /*application='RailsAipostsNoRules'*/[0m
  [1m[35m (0.3ms)[0m  [1m[35mCREATE INDEX "index_comments_on_user_id" ON "comments" ("user_id") /*application='RailsAipostsNoRules'*/[0m
  [1m[35m (0.2ms)[0m  [1m[35mCREATE INDEX "index_comments_on_post_id" ON "comments" ("post_id") /*application='RailsAipostsNoRules'*/[0m
  [1m[36mActiveRecord::SchemaMigration Create (0.1ms)[0m  [1m[32mINSERT INTO "schema_migrations" ("version") VALUES ('20250922205126') RETURNING "version" /*application='RailsAipostsNoRules'*/[0m
  [1m[36mTRANSACTION (0.1ms)[0m  [1m[35mCOMMIT /*application='RailsAipostsNoRules'*/[0m
Migrating to CreateLikes (20250922205130)
  [1m[36mTRANSACTION (0.1ms)[0m  [1m[35mBEGIN /*application='RailsAipostsNoRules'*/[0m
  [1m[35m (1.2ms)[0m  [1m[35mCREATE TABLE "likes" ("id" bigserial primary key, "user_id" bigint NOT NULL, "post_id" bigint NOT NULL, "created_at" timestamp(6) NOT NULL, "updated_at" timestamp(6) NOT NULL, CONSTRAINT "fk_rails_1e09b5dabf"
FOREIGN KEY ("user_id")
  REFERENCES "users" ("id")
, CONSTRAINT "fk_rails_87a8aac469"
FOREIGN KEY ("post_id")
  REFERENCES "posts" ("id")
) /*application='RailsAipostsNoRules'*/[0m
  [1m[35m (0.2ms)[0m  [1m[35mCREATE INDEX "index_likes_on_user_id" ON "likes" ("user_id") /*application='RailsAipostsNoRules'*/[0m
  [1m[35m (0.2ms)[0m  [1m[35mCREATE INDEX "index_likes_on_post_id" ON "likes" ("post_id") /*application='RailsAipostsNoRules'*/[0m
  [1m[35m (0.3ms)[0m  [1m[35mCREATE UNIQUE INDEX "index_likes_on_user_id_and_post_id" ON "likes" ("user_id", "post_id") /*application='RailsAipostsNoRules'*/[0m
  [1m[36mActiveRecord::SchemaMigration Create (0.1ms)[0m  [1m[32mINSERT INTO "schema_migrations" ("version") VALUES ('20250922205130') RETURNING "version" /*application='RailsAipostsNoRules'*/[0m
  [1m[36mTRANSACTION (0.1ms)[0m  [1m[35mCOMMIT /*application='RailsAipostsNoRules'*/[0m
Migrating to CreateFollows (20250922205133)
  [1m[36mTRANSACTION (0.1ms)[0m  [1m[35mBEGIN /*application='RailsAipostsNoRules'*/[0m
  [1m[35m (1.3ms)[0m  [1m[35mCREATE TABLE "follows" ("id" bigserial primary key, "follower_id" bigint NOT NULL, "following_id" bigint NOT NULL, "created_at" timestamp(6) NOT NULL, "updated_at" timestamp(6) NOT NULL, CONSTRAINT "fk_rails_622d34a301"
FOREIGN KEY ("follower_id")
  REFERENCES "users" ("id")
, CONSTRAINT "fk_rails_9cfc70f043"
FOREIGN KEY ("following_id")
  REFERENCES "users" ("id")
) /*application='RailsAipostsNoRules'*/[0m
  [1m[35m (0.3ms)[0m  [1m[35mCREATE INDEX "index_follows_on_follower_id" ON "follows" ("follower_id") /*application='RailsAipostsNoRules'*/[0m
  [1m[35m (0.2ms)[0m  [1m[35mCREATE INDEX "index_follows_on_following_id" ON "follows" ("following_id") /*application='RailsAipostsNoRules'*/[0m
  [1m[35m (0.3ms)[0m  [1m[35mCREATE UNIQUE INDEX "index_follows_on_follower_id_and_following_id" ON "follows" ("follower_id", "following_id") /*application='RailsAipostsNoRules'*/[0m
  [1m[35m (1.1ms)[0m  [1m[35mCREATE INDEX "index_follows_on_following_id" ON "follows" ("following_id") /*application='RailsAipostsNoRules'*/[0m
  [1m[36mTRANSACTION (0.1ms)[0m  [1m[31mROLLBACK /*application='RailsAipostsNoRules'*/[0m
  [1m[35m (0.1ms)[0m  [1m[34mSELECT pg_advisory_unlock(6448643260712567145) /*application='RailsAipostsNoRules'*/[0m
  [1m[36mActiveRecord::SchemaMigration Load (1.3ms)[0m  [1m[34mSELECT "schema_migrations"."version" FROM "schema_migrations" ORDER BY "schema_migrations"."version" ASC /*application='RailsAipostsNoRules'*/[0m
  [1m[36mActiveRecord::InternalMetadata Load (1.8ms)[0m  [1m[34mSELECT * FROM "ar_internal_metadata" WHERE "ar_internal_metadata"."key" = 'environment' ORDER BY "ar_internal_metadata"."key" ASC LIMIT 1 /*application='RailsAipostsNoRules'*/[0m
  [1m[36mActiveRecord::SchemaMigration Load (0.1ms)[0m  [1m[34mSELECT "schema_migrations"."version" FROM "schema_migrations" ORDER BY "schema_migrations"."version" ASC /*application='RailsAipostsNoRules'*/[0m
  [1m[36mActiveRecord::InternalMetadata Load (0.1ms)[0m  [1m[34mSELECT * FROM "ar_internal_metadata" WHERE "ar_internal_metadata"."key" = 'environment' ORDER BY "ar_internal_metadata"."key" ASC LIMIT 1 /*application='RailsAipostsNoRules'*/[0m
  [1m[36mActiveRecord::SchemaMigration Load (0.1ms)[0m  [1m[34mSELECT "schema_migrations"."version" FROM "schema_migrations" ORDER BY "schema_migrations"."version" ASC /*application='RailsAipostsNoRules'*/[0m
  [1m[36mActiveRecord::InternalMetadata Load (0.2ms)[0m  [1m[34mSELECT * FROM "ar_internal_metadata" WHERE "ar_internal_metadata"."key" = 'environment' ORDER BY "ar_internal_metadata"."key" ASC LIMIT 1 /*application='RailsAipostsNoRules'*/[0m
  [1m[35mSQL (0.0ms)[0m  [1m[35mSET search_path TO public /*application='RailsAipostsNoRules'*/[0m
  [1m[35m (47.5ms)[0m  [1m[35mDROP DATABASE IF EXISTS "rails_aiposts_no_rules_development" /*application='RailsAipostsNoRules'*/[0m
  [1m[35mSQL (0.1ms)[0m  [1m[35mSET search_path TO public /*application='RailsAipostsNoRules'*/[0m
  [1m[35m (34.2ms)[0m  [1m[35mDROP DATABASE IF EXISTS "rails_aiposts_no_rules_test" /*application='RailsAipostsNoRules'*/[0m
  [1m[35mSQL (0.1ms)[0m  [1m[35mSET search_path TO public /*application='RailsAipostsNoRules'*/[0m
  [1m[35m (146.3ms)[0m  [1m[35mCREATE DATABASE "rails_aiposts_no_rules_development" ENCODING = 'unicode' /*application='RailsAipostsNoRules'*/[0m
  [1m[35mSQL (0.0ms)[0m  [1m[35mSET search_path TO public /*application='RailsAipostsNoRules'*/[0m
  [1m[35m (57.4ms)[0m  [1m[35mCREATE DATABASE "rails_aiposts_no_rules_test" ENCODING = 'unicode' /*application='RailsAipostsNoRules'*/[0m
  [1m[35m (8.7ms)[0m  [1m[35mCREATE TABLE "schema_migrations" ("version" character varying NOT NULL PRIMARY KEY) /*application='RailsAipostsNoRules'*/[0m
  [1m[35m (2.4ms)[0m  [1m[35mCREATE TABLE "ar_internal_metadata" ("key" character varying NOT NULL PRIMARY KEY, "value" character varying, "created_at" timestamp(6) NOT NULL, "updated_at" timestamp(6) NOT NULL) /*application='RailsAipostsNoRules'*/[0m
  [1m[35m (0.4ms)[0m  [1m[34mSELECT pg_try_advisory_lock(6448643260712567145) /*application='RailsAipostsNoRules'*/[0m
  [1m[36mActiveRecord::SchemaMigration Load (0.8ms)[0m  [1m[34mSELECT "schema_migrations"."version" FROM "schema_migrations" ORDER BY "schema_migrations"."version" ASC /*application='RailsAipostsNoRules'*/[0m
  [1m[36mActiveRecord::InternalMetadata Load (1.2ms)[0m  [1m[34mSELECT * FROM "ar_internal_metadata" WHERE "ar_internal_metadata"."key" = 'environment' ORDER BY "ar_internal_metadata"."key" ASC LIMIT 1 /*application='RailsAipostsNoRules'*/[0m
  [1m[36mActiveRecord::InternalMetadata Create (2.2ms)[0m  [1m[32mINSERT INTO "ar_internal_metadata" ("key", "value", "created_at", "updated_at") VALUES ('environment', 'development', '2025-09-23 14:22:47.309472', '2025-09-23 14:22:47.309474') RETURNING "key" /*application='RailsAipostsNoRules'*/[0m
Migrating to CreateUsers (20250922205118)
  [1m[36mTRANSACTION (0.2ms)[0m  [1m[35mBEGIN /*application='RailsAipostsNoRules'*/[0m
  [1m[35m (6.0ms)[0m  [1m[35mCREATE TABLE "users" ("id" bigserial primary key, "first_name" character varying NOT NULL, "last_name" character varying NOT NULL, "username" character varying NOT NULL, "email" character varying NOT NULL, "password_digest" character varying NOT NULL, "bio" text, "website" character varying, "location" character varying, "created_at" timestamp(6) NOT NULL, "updated_at" timestamp(6) NOT NULL) /*application='RailsAipostsNoRules'*/[0m
  [1m[35m (1.3ms)[0m  [1m[35mCREATE UNIQUE INDEX "index_users_on_email" ON "users" ("email") /*application='RailsAipostsNoRules'*/[0m
  [1m[35m (0.7ms)[0m  [1m[35mCREATE UNIQUE INDEX "index_users_on_username" ON "users" ("username") /*application='RailsAipostsNoRules'*/[0m
  [1m[35m (0.8ms)[0m  [1m[35mCREATE INDEX "index_users_on_first_name_and_last_name" ON "users" ("first_name", "last_name") /*application='RailsAipostsNoRules'*/[0m
  [1m[35m (0.6ms)[0m  [1m[35mCREATE INDEX "index_users_on_location" ON "users" ("location") /*application='RailsAipostsNoRules'*/[0m
  [1m[36mActiveRecord::SchemaMigration Create (0.3ms)[0m  [1m[32mINSERT INTO "schema_migrations" ("version") VALUES ('20250922205118') RETURNING "version" /*application='RailsAipostsNoRules'*/[0m
  [1m[36mTRANSACTION (0.4ms)[0m  [1m[35mCOMMIT /*application='RailsAipostsNoRules'*/[0m
Migrating to CreatePosts (20250922205123)
  [1m[36mTRANSACTION (0.2ms)[0m  [1m[35mBEGIN /*application='RailsAipostsNoRules'*/[0m
  [1m[35m (8.7ms)[0m  [1m[35mCREATE TABLE "posts" ("id" bigserial primary key, "content" text NOT NULL, "tags" text, "user_id" bigint NOT NULL, "created_at" timestamp(6) NOT NULL, "updated_at" timestamp(6) NOT NULL, CONSTRAINT "fk_rails_5b5ddfd518"
FOREIGN KEY ("user_id")
  REFERENCES "users" ("id")
) /*application='RailsAipostsNoRules'*/[0m
  [1m[35m (0.9ms)[0m  [1m[35mCREATE INDEX "index_posts_on_user_id" ON "posts" ("user_id") /*application='RailsAipostsNoRules'*/[0m
  [1m[35m (1.1ms)[0m  [1m[35mCREATE INDEX "index_posts_on_created_at" ON "posts" ("created_at") /*application='RailsAipostsNoRules'*/[0m
  [1m[35m (0.7ms)[0m  [1m[35mCREATE INDEX "index_posts_on_tags" ON "posts" ("tags") /*application='RailsAipostsNoRules'*/[0m
  [1m[36mActiveRecord::SchemaMigration Create (0.1ms)[0m  [1m[32mINSERT INTO "schema_migrations" ("version") VALUES ('20250922205123') RETURNING "version" /*application='RailsAipostsNoRules'*/[0m
  [1m[36mTRANSACTION (0.2ms)[0m  [1m[35mCOMMIT /*application='RailsAipostsNoRules'*/[0m
Migrating to CreateComments (20250922205126)
  [1m[36mTRANSACTION (0.1ms)[0m  [1m[35mBEGIN /*application='RailsAipostsNoRules'*/[0m
  [1m[35m (4.1ms)[0m  [1m[35mCREATE TABLE "comments" ("id" bigserial primary key, "content" text, "user_id" bigint NOT NULL, "post_id" bigint NOT NULL, "created_at" timestamp(6) NOT NULL, "updated_at" timestamp(6) NOT NULL, CONSTRAINT "fk_rails_03de2dc08c"
FOREIGN KEY ("user_id")
  REFERENCES "users" ("id")
, CONSTRAINT "fk_rails_2fd19c0db7"
FOREIGN KEY ("post_id")
  REFERENCES "posts" ("id")
) /*application='RailsAipostsNoRules'*/[0m
  [1m[35m (0.5ms)[0m  [1m[35mCREATE INDEX "index_comments_on_user_id" ON "comments" ("user_id") /*application='RailsAipostsNoRules'*/[0m
  [1m[35m (0.5ms)[0m  [1m[35mCREATE INDEX "index_comments_on_post_id" ON "comments" ("post_id") /*application='RailsAipostsNoRules'*/[0m
  [1m[36mActiveRecord::SchemaMigration Create (0.2ms)[0m  [1m[32mINSERT INTO "schema_migrations" ("version") VALUES ('20250922205126') RETURNING "version" /*application='RailsAipostsNoRules'*/[0m
  [1m[36mTRANSACTION (0.2ms)[0m  [1m[35mCOMMIT /*application='RailsAipostsNoRules'*/[0m
Migrating to CreateLikes (20250922205130)
  [1m[36mTRANSACTION (0.2ms)[0m  [1m[35mBEGIN /*application='RailsAipostsNoRules'*/[0m
  [1m[35m (3.7ms)[0m  [1m[35mCREATE TABLE "likes" ("id" bigserial primary key, "user_id" bigint NOT NULL, "post_id" bigint NOT NULL, "created_at" timestamp(6) NOT NULL, "updated_at" timestamp(6) NOT NULL, CONSTRAINT "fk_rails_1e09b5dabf"
FOREIGN KEY ("user_id")
  REFERENCES "users" ("id")
, CONSTRAINT "fk_rails_87a8aac469"
FOREIGN KEY ("post_id")
  REFERENCES "posts" ("id")
) /*application='RailsAipostsNoRules'*/[0m
  [1m[35m (0.8ms)[0m  [1m[35mCREATE INDEX "index_likes_on_user_id" ON "likes" ("user_id") /*application='RailsAipostsNoRules'*/[0m
  [1m[35m (0.7ms)[0m  [1m[35mCREATE INDEX "index_likes_on_post_id" ON "likes" ("post_id") /*application='RailsAipostsNoRules'*/[0m
  [1m[35m (0.6ms)[0m  [1m[35mCREATE UNIQUE INDEX "index_likes_on_user_id_and_post_id" ON "likes" ("user_id", "post_id") /*application='RailsAipostsNoRules'*/[0m
  [1m[36mActiveRecord::SchemaMigration Create (0.1ms)[0m  [1m[32mINSERT INTO "schema_migrations" ("version") VALUES ('20250922205130') RETURNING "version" /*application='RailsAipostsNoRules'*/[0m
  [1m[36mTRANSACTION (0.1ms)[0m  [1m[35mCOMMIT /*application='RailsAipostsNoRules'*/[0m
Migrating to CreateFollows (20250922205133)
  [1m[36mTRANSACTION (0.1ms)[0m  [1m[35mBEGIN /*application='RailsAipostsNoRules'*/[0m
  [1m[35m (3.6ms)[0m  [1m[35mCREATE TABLE "follows" ("id" bigserial primary key, "follower_id" bigint NOT NULL, "following_id" bigint NOT NULL, "created_at" timestamp(6) NOT NULL, "updated_at" timestamp(6) NOT NULL, CONSTRAINT "fk_rails_622d34a301"
FOREIGN KEY ("follower_id")
  REFERENCES "users" ("id")
, CONSTRAINT "fk_rails_9cfc70f043"
FOREIGN KEY ("following_id")
  REFERENCES "users" ("id")
) /*application='RailsAipostsNoRules'*/[0m
  [1m[35m (0.6ms)[0m  [1m[35mCREATE INDEX "index_follows_on_follower_id" ON "follows" ("follower_id") /*application='RailsAipostsNoRules'*/[0m
  [1m[35m (0.6ms)[0m  [1m[35mCREATE INDEX "index_follows_on_following_id" ON "follows" ("following_id") /*application='RailsAipostsNoRules'*/[0m
  [1m[35m (0.8ms)[0m  [1m[35mCREATE UNIQUE INDEX "index_follows_on_follower_id_and_following_id" ON "follows" ("follower_id", "following_id") /*application='RailsAipostsNoRules'*/[0m
  [1m[36mActiveRecord::SchemaMigration Create (0.1ms)[0m  [1m[32mINSERT INTO "schema_migrations" ("version") VALUES ('20250922205133') RETURNING "version" /*application='RailsAipostsNoRules'*/[0m
  [1m[36mTRANSACTION (0.3ms)[0m  [1m[35mCOMMIT /*application='RailsAipostsNoRules'*/[0m
Migrating to CreateNotifications (20250922205927)
  [1m[36mTRANSACTION (0.1ms)[0m  [1m[35mBEGIN /*application='RailsAipostsNoRules'*/[0m
  [1m[35m (4.4ms)[0m  [1m[35mCREATE TABLE "notifications" ("id" bigserial primary key, "title" character varying NOT NULL, "content" text NOT NULL, "read" boolean DEFAULT FALSE NOT NULL, "user_id" bigint NOT NULL, "notifiable_type" character varying NOT NULL, "notifiable_id" bigint NOT NULL, "created_at" timestamp(6) NOT NULL, "updated_at" timestamp(6) NOT NULL, CONSTRAINT "fk_rails_b080fb4855"
FOREIGN KEY ("user_id")
  REFERENCES "users" ("id")
) /*application='RailsAipostsNoRules'*/[0m
  [1m[35m (1.0ms)[0m  [1m[35mCREATE INDEX "index_notifications_on_user_id" ON "notifications" ("user_id") /*application='RailsAipostsNoRules'*/[0m
  [1m[35m (0.8ms)[0m  [1m[35mCREATE INDEX "index_notifications_on_notifiable" ON "notifications" ("notifiable_type", "notifiable_id") /*application='RailsAipostsNoRules'*/[0m
  [1m[35m (3.4ms)[0m  [1m[35mCREATE INDEX "index_notifications_on_user_id" ON "notifications" ("user_id") /*application='RailsAipostsNoRules'*/[0m
  [1m[36mTRANSACTION (0.2ms)[0m  [1m[31mROLLBACK /*application='RailsAipostsNoRules'*/[0m
  [1m[35m (0.2ms)[0m  [1m[34mSELECT pg_advisory_unlock(6448643260712567145) /*application='RailsAipostsNoRules'*/[0m
  [1m[36mActiveRecord::SchemaMigration Load (1.0ms)[0m  [1m[34mSELECT "schema_migrations"."version" FROM "schema_migrations" ORDER BY "schema_migrations"."version" ASC /*application='RailsAipostsNoRules'*/[0m
  [1m[36mActiveRecord::InternalMetadata Load (1.2ms)[0m  [1m[34mSELECT * FROM "ar_internal_metadata" WHERE "ar_internal_metadata"."key" = 'environment' ORDER BY "ar_internal_metadata"."key" ASC LIMIT 1 /*application='RailsAipostsNoRules'*/[0m
  [1m[36mActiveRecord::SchemaMigration Load (0.1ms)[0m  [1m[34mSELECT "schema_migrations"."version" FROM "schema_migrations" ORDER BY "schema_migrations"."version" ASC /*application='RailsAipostsNoRules'*/[0m
  [1m[36mActiveRecord::InternalMetadata Load (0.1ms)[0m  [1m[34mSELECT * FROM "ar_internal_metadata" WHERE "ar_internal_metadata"."key" = 'environment' ORDER BY "ar_internal_metadata"."key" ASC LIMIT 1 /*application='RailsAipostsNoRules'*/[0m
  [1m[36mActiveRecord::SchemaMigration Load (0.1ms)[0m  [1m[34mSELECT "schema_migrations"."version" FROM "schema_migrations" ORDER BY "schema_migrations"."version" ASC /*application='RailsAipostsNoRules'*/[0m
  [1m[36mActiveRecord::InternalMetadata Load (0.1ms)[0m  [1m[34mSELECT * FROM "ar_internal_metadata" WHERE "ar_internal_metadata"."key" = 'environment' ORDER BY "ar_internal_metadata"."key" ASC LIMIT 1 /*application='RailsAipostsNoRules'*/[0m
  [1m[35mSQL (0.1ms)[0m  [1m[35mSET search_path TO public /*application='RailsAipostsNoRules'*/[0m
  [1m[35m (47.5ms)[0m  [1m[35mDROP DATABASE IF EXISTS "rails_aiposts_no_rules_development" /*application='RailsAipostsNoRules'*/[0m
  [1m[35mSQL (0.1ms)[0m  [1m[35mSET search_path TO public /*application='RailsAipostsNoRules'*/[0m
  [1m[35m (29.3ms)[0m  [1m[35mDROP DATABASE IF EXISTS "rails_aiposts_no_rules_test" /*application='RailsAipostsNoRules'*/[0m
  [1m[35mSQL (0.1ms)[0m  [1m[35mSET search_path TO public /*application='RailsAipostsNoRules'*/[0m
  [1m[35m (123.5ms)[0m  [1m[35mCREATE DATABASE "rails_aiposts_no_rules_development" ENCODING = 'unicode' /*application='RailsAipostsNoRules'*/[0m
  [1m[35mSQL (0.0ms)[0m  [1m[35mSET search_path TO public /*application='RailsAipostsNoRules'*/[0m
  [1m[35m (53.3ms)[0m  [1m[35mCREATE DATABASE "rails_aiposts_no_rules_test" ENCODING = 'unicode' /*application='RailsAipostsNoRules'*/[0m
  [1m[35m (3.9ms)[0m  [1m[35mCREATE TABLE "schema_migrations" ("version" character varying NOT NULL PRIMARY KEY) /*application='RailsAipostsNoRules'*/[0m
  [1m[35m (1.4ms)[0m  [1m[35mCREATE TABLE "ar_internal_metadata" ("key" character varying NOT NULL PRIMARY KEY, "value" character varying, "created_at" timestamp(6) NOT NULL, "updated_at" timestamp(6) NOT NULL) /*application='RailsAipostsNoRules'*/[0m
  [1m[35m (0.1ms)[0m  [1m[34mSELECT pg_try_advisory_lock(6448643260712567145) /*application='RailsAipostsNoRules'*/[0m
  [1m[36mActiveRecord::SchemaMigration Load (0.3ms)[0m  [1m[34mSELECT "schema_migrations"."version" FROM "schema_migrations" ORDER BY "schema_migrations"."version" ASC /*application='RailsAipostsNoRules'*/[0m
  [1m[36mActiveRecord::InternalMetadata Load (0.4ms)[0m  [1m[34mSELECT * FROM "ar_internal_metadata" WHERE "ar_internal_metadata"."key" = 'environment' ORDER BY "ar_internal_metadata"."key" ASC LIMIT 1 /*application='RailsAipostsNoRules'*/[0m
  [1m[36mActiveRecord::InternalMetadata Create (0.9ms)[0m  [1m[32mINSERT INTO "ar_internal_metadata" ("key", "value", "created_at", "updated_at") VALUES ('environment', 'development', '2025-09-23 14:23:17.266655', '2025-09-23 14:23:17.266657') RETURNING "key" /*application='RailsAipostsNoRules'*/[0m
Migrating to CreateUsers (20250922205118)
  [1m[36mTRANSACTION (0.1ms)[0m  [1m[35mBEGIN /*application='RailsAipostsNoRules'*/[0m
  [1m[35m (2.7ms)[0m  [1m[35mCREATE TABLE "users" ("id" bigserial primary key, "first_name" character varying NOT NULL, "last_name" character varying NOT NULL, "username" character varying NOT NULL, "email" character varying NOT NULL, "password_digest" character varying NOT NULL, "bio" text, "website" character varying, "location" character varying, "created_at" timestamp(6) NOT NULL, "updated_at" timestamp(6) NOT NULL) /*application='RailsAipostsNoRules'*/[0m
  [1m[35m (0.3ms)[0m  [1m[35mCREATE UNIQUE INDEX "index_users_on_email" ON "users" ("email") /*application='RailsAipostsNoRules'*/[0m
  [1m[35m (0.2ms)[0m  [1m[35mCREATE UNIQUE INDEX "index_users_on_username" ON "users" ("username") /*application='RailsAipostsNoRules'*/[0m
  [1m[35m (0.4ms)[0m  [1m[35mCREATE INDEX "index_users_on_first_name_and_last_name" ON "users" ("first_name", "last_name") /*application='RailsAipostsNoRules'*/[0m
  [1m[35m (0.2ms)[0m  [1m[35mCREATE INDEX "index_users_on_location" ON "users" ("location") /*application='RailsAipostsNoRules'*/[0m
  [1m[36mActiveRecord::SchemaMigration Create (0.1ms)[0m  [1m[32mINSERT INTO "schema_migrations" ("version") VALUES ('20250922205118') RETURNING "version" /*application='RailsAipostsNoRules'*/[0m
  [1m[36mTRANSACTION (0.1ms)[0m  [1m[35mCOMMIT /*application='RailsAipostsNoRules'*/[0m
Migrating to CreatePosts (20250922205123)
  [1m[36mTRANSACTION (0.1ms)[0m  [1m[35mBEGIN /*application='RailsAipostsNoRules'*/[0m
  [1m[35m (3.4ms)[0m  [1m[35mCREATE TABLE "posts" ("id" bigserial primary key, "content" text NOT NULL, "tags" text, "user_id" bigint NOT NULL, "created_at" timestamp(6) NOT NULL, "updated_at" timestamp(6) NOT NULL, CONSTRAINT "fk_rails_5b5ddfd518"
FOREIGN KEY ("user_id")
  REFERENCES "users" ("id")
) /*application='RailsAipostsNoRules'*/[0m
  [1m[35m (0.4ms)[0m  [1m[35mCREATE INDEX "index_posts_on_user_id" ON "posts" ("user_id") /*application='RailsAipostsNoRules'*/[0m
  [1m[35m (0.2ms)[0m  [1m[35mCREATE INDEX "index_posts_on_created_at" ON "posts" ("created_at") /*application='RailsAipostsNoRules'*/[0m
  [1m[35m (0.2ms)[0m  [1m[35mCREATE INDEX "index_posts_on_tags" ON "posts" ("tags") /*application='RailsAipostsNoRules'*/[0m
  [1m[36mActiveRecord::SchemaMigration Create (0.1ms)[0m  [1m[32mINSERT INTO "schema_migrations" ("version") VALUES ('20250922205123') RETURNING "version" /*application='RailsAipostsNoRules'*/[0m
  [1m[36mTRANSACTION (0.1ms)[0m  [1m[35mCOMMIT /*application='RailsAipostsNoRules'*/[0m
Migrating to CreateComments (20250922205126)
  [1m[36mTRANSACTION (1.9ms)[0m  [1m[35mBEGIN /*application='RailsAipostsNoRules'*/[0m
  [1m[35m (3.4ms)[0m  [1m[35mCREATE TABLE "comments" ("id" bigserial primary key, "content" text, "user_id" bigint NOT NULL, "post_id" bigint NOT NULL, "created_at" timestamp(6) NOT NULL, "updated_at" timestamp(6) NOT NULL, CONSTRAINT "fk_rails_03de2dc08c"
FOREIGN KEY ("user_id")
  REFERENCES "users" ("id")
, CONSTRAINT "fk_rails_2fd19c0db7"
FOREIGN KEY ("post_id")
  REFERENCES "posts" ("id")
) /*application='RailsAipostsNoRules'*/[0m
  [1m[35m (0.3ms)[0m  [1m[35mCREATE INDEX "index_comments_on_user_id" ON "comments" ("user_id") /*application='RailsAipostsNoRules'*/[0m
  [1m[35m (0.2ms)[0m  [1m[35mCREATE INDEX "index_comments_on_post_id" ON "comments" ("post_id") /*application='RailsAipostsNoRules'*/[0m
  [1m[36mActiveRecord::SchemaMigration Create (0.0ms)[0m  [1m[32mINSERT INTO "schema_migrations" ("version") VALUES ('20250922205126') RETURNING "version" /*application='RailsAipostsNoRules'*/[0m
  [1m[36mTRANSACTION (0.1ms)[0m  [1m[35mCOMMIT /*application='RailsAipostsNoRules'*/[0m
Migrating to CreateLikes (20250922205130)
  [1m[36mTRANSACTION (0.0ms)[0m  [1m[35mBEGIN /*application='RailsAipostsNoRules'*/[0m
  [1m[35m (2.0ms)[0m  [1m[35mCREATE TABLE "likes" ("id" bigserial primary key, "user_id" bigint NOT NULL, "post_id" bigint NOT NULL, "created_at" timestamp(6) NOT NULL, "updated_at" timestamp(6) NOT NULL, CONSTRAINT "fk_rails_1e09b5dabf"
FOREIGN KEY ("user_id")
  REFERENCES "users" ("id")
, CONSTRAINT "fk_rails_87a8aac469"
FOREIGN KEY ("post_id")
  REFERENCES "posts" ("id")
) /*application='RailsAipostsNoRules'*/[0m
  [1m[35m (0.2ms)[0m  [1m[35mCREATE INDEX "index_likes_on_user_id" ON "likes" ("user_id") /*application='RailsAipostsNoRules'*/[0m
  [1m[35m (0.2ms)[0m  [1m[35mCREATE INDEX "index_likes_on_post_id" ON "likes" ("post_id") /*application='RailsAipostsNoRules'*/[0m
  [1m[35m (0.2ms)[0m  [1m[35mCREATE UNIQUE INDEX "index_likes_on_user_id_and_post_id" ON "likes" ("user_id", "post_id") /*application='RailsAipostsNoRules'*/[0m
  [1m[36mActiveRecord::SchemaMigration Create (0.0ms)[0m  [1m[32mINSERT INTO "schema_migrations" ("version") VALUES ('20250922205130') RETURNING "version" /*application='RailsAipostsNoRules'*/[0m
  [1m[36mTRANSACTION (0.1ms)[0m  [1m[35mCOMMIT /*application='RailsAipostsNoRules'*/[0m
Migrating to CreateFollows (20250922205133)
  [1m[36mTRANSACTION (0.1ms)[0m  [1m[35mBEGIN /*application='RailsAipostsNoRules'*/[0m
  [1m[35m (2.2ms)[0m  [1m[35mCREATE TABLE "follows" ("id" bigserial primary key, "follower_id" bigint NOT NULL, "following_id" bigint NOT NULL, "created_at" timestamp(6) NOT NULL, "updated_at" timestamp(6) NOT NULL, CONSTRAINT "fk_rails_622d34a301"
FOREIGN KEY ("follower_id")
  REFERENCES "users" ("id")
, CONSTRAINT "fk_rails_9cfc70f043"
FOREIGN KEY ("following_id")
  REFERENCES "users" ("id")
) /*application='RailsAipostsNoRules'*/[0m
  [1m[35m (0.3ms)[0m  [1m[35mCREATE INDEX "index_follows_on_follower_id" ON "follows" ("follower_id") /*application='RailsAipostsNoRules'*/[0m
  [1m[35m (1.1ms)[0m  [1m[35mCREATE INDEX "index_follows_on_following_id" ON "follows" ("following_id") /*application='RailsAipostsNoRules'*/[0m
  [1m[35m (1.2ms)[0m  [1m[35mCREATE UNIQUE INDEX "index_follows_on_follower_id_and_following_id" ON "follows" ("follower_id", "following_id") /*application='RailsAipostsNoRules'*/[0m
  [1m[36mActiveRecord::SchemaMigration Create (0.1ms)[0m  [1m[32mINSERT INTO "schema_migrations" ("version") VALUES ('20250922205133') RETURNING "version" /*application='RailsAipostsNoRules'*/[0m
  [1m[36mTRANSACTION (0.3ms)[0m  [1m[35mCOMMIT /*application='RailsAipostsNoRules'*/[0m
Migrating to CreateNotifications (20250922205927)
  [1m[36mTRANSACTION (0.1ms)[0m  [1m[35mBEGIN /*application='RailsAipostsNoRules'*/[0m
  [1m[35m (3.0ms)[0m  [1m[35mCREATE TABLE "notifications" ("id" bigserial primary key, "title" character varying NOT NULL, "content" text NOT NULL, "read" boolean DEFAULT FALSE NOT NULL, "user_id" bigint NOT NULL, "notifiable_type" character varying NOT NULL, "notifiable_id" bigint NOT NULL, "created_at" timestamp(6) NOT NULL, "updated_at" timestamp(6) NOT NULL, CONSTRAINT "fk_rails_b080fb4855"
FOREIGN KEY ("user_id")
  REFERENCES "users" ("id")
) /*application='RailsAipostsNoRules'*/[0m
  [1m[35m (0.7ms)[0m  [1m[35mCREATE INDEX "index_notifications_on_user_id" ON "notifications" ("user_id") /*application='RailsAipostsNoRules'*/[0m
  [1m[35m (0.9ms)[0m  [1m[35mCREATE INDEX "index_notifications_on_notifiable" ON "notifications" ("notifiable_type", "notifiable_id") /*application='RailsAipostsNoRules'*/[0m
  [1m[35m (0.8ms)[0m  [1m[35mCREATE INDEX "index_notifications_on_notifiable_type_and_notifiable_id" ON "notifications" ("notifiable_type", "notifiable_id") /*application='RailsAipostsNoRules'*/[0m
  [1m[35m (0.5ms)[0m  [1m[35mCREATE INDEX "index_notifications_on_read" ON "notifications" ("read") /*application='RailsAipostsNoRules'*/[0m
  [1m[35m (0.4ms)[0m  [1m[35mCREATE INDEX "index_notifications_on_created_at" ON "notifications" ("created_at") /*application='RailsAipostsNoRules'*/[0m
  [1m[36mActiveRecord::SchemaMigration Create (0.1ms)[0m  [1m[32mINSERT INTO "schema_migrations" ("version") VALUES ('20250922205927') RETURNING "version" /*application='RailsAipostsNoRules'*/[0m
  [1m[36mTRANSACTION (0.1ms)[0m  [1m[35mCOMMIT /*application='RailsAipostsNoRules'*/[0m
  [1m[35m (0.2ms)[0m  [1m[34mSELECT pg_advisory_unlock(6448643260712567145) /*application='RailsAipostsNoRules'*/[0m
  [1m[36mActiveRecord::SchemaMigration Load (0.1ms)[0m  [1m[34mSELECT "schema_migrations"."version" FROM "schema_migrations" ORDER BY "schema_migrations"."version" ASC /*application='RailsAipostsNoRules'*/[0m
  [1m[36mActiveRecord::SchemaMigration Load (1.2ms)[0m  [1m[34mSELECT "schema_migrations"."version" FROM "schema_migrations" ORDER BY "schema_migrations"."version" ASC /*application='RailsAipostsNoRules'*/[0m
  [1m[35m (0.1ms)[0m  [1m[34mSELECT pg_try_advisory_lock(6448643260712567145) /*application='RailsAipostsNoRules'*/[0m
  [1m[36mActiveRecord::SchemaMigration Load (0.3ms)[0m  [1m[34mSELECT "schema_migrations"."version" FROM "schema_migrations" ORDER BY "schema_migrations"."version" ASC /*application='RailsAipostsNoRules'*/[0m
  [1m[36mActiveRecord::InternalMetadata Load (0.6ms)[0m  [1m[34mSELECT * FROM "ar_internal_metadata" WHERE "ar_internal_metadata"."key" = 'environment' ORDER BY "ar_internal_metadata"."key" ASC LIMIT 1 /*application='RailsAipostsNoRules'*/[0m
Migrating to CreateActiveStorageTables (20250923143357)
  [1m[36mTRANSACTION (0.1ms)[0m  [1m[35mBEGIN /*application='RailsAipostsNoRules'*/[0m
  [1m[35m (7.2ms)[0m  [1m[35mCREATE TABLE "active_storage_blobs" ("id" bigserial primary key, "key" character varying NOT NULL, "filename" character varying NOT NULL, "content_type" character varying, "metadata" text, "service_name" character varying NOT NULL, "byte_size" bigint NOT NULL, "checksum" character varying, "created_at" timestamp(6) NOT NULL) /*application='RailsAipostsNoRules'*/[0m
  [1m[35m (0.3ms)[0m  [1m[35mCREATE UNIQUE INDEX "index_active_storage_blobs_on_key" ON "active_storage_blobs" ("key") /*application='RailsAipostsNoRules'*/[0m
  [1m[35m (2.5ms)[0m  [1m[35mCREATE TABLE "active_storage_attachments" ("id" bigserial primary key, "name" character varying NOT NULL, "record_type" character varying NOT NULL, "record_id" bigint NOT NULL, "blob_id" bigint NOT NULL, "created_at" timestamp(6) NOT NULL, CONSTRAINT "fk_rails_c3b3935057"
FOREIGN KEY ("blob_id")
  REFERENCES "active_storage_blobs" ("id")
) /*application='RailsAipostsNoRules'*/[0m
  [1m[35m (0.4ms)[0m  [1m[35mCREATE INDEX "index_active_storage_attachments_on_blob_id" ON "active_storage_attachments" ("blob_id") /*application='RailsAipostsNoRules'*/[0m
  [1m[35m (0.2ms)[0m  [1m[35mCREATE UNIQUE INDEX "index_active_storage_attachments_uniqueness" ON "active_storage_attachments" ("record_type", "record_id", "name", "blob_id") /*application='RailsAipostsNoRules'*/[0m
  [1m[35m (1.4ms)[0m  [1m[35mCREATE TABLE "active_storage_variant_records" ("id" bigserial primary key, "blob_id" bigint NOT NULL, "variation_digest" character varying NOT NULL, CONSTRAINT "fk_rails_993965df05"
FOREIGN KEY ("blob_id")
  REFERENCES "active_storage_blobs" ("id")
) /*application='RailsAipostsNoRules'*/[0m
  [1m[35m (0.2ms)[0m  [1m[35mCREATE UNIQUE INDEX "index_active_storage_variant_records_uniqueness" ON "active_storage_variant_records" ("blob_id", "variation_digest") /*application='RailsAipostsNoRules'*/[0m
  [1m[36mActiveRecord::SchemaMigration Create (0.5ms)[0m  [1m[32mINSERT INTO "schema_migrations" ("version") VALUES ('20250923143357') RETURNING "version" /*application='RailsAipostsNoRules'*/[0m
  [1m[36mTRANSACTION (0.4ms)[0m  [1m[35mCOMMIT /*application='RailsAipostsNoRules'*/[0m
  [1m[35m (0.1ms)[0m  [1m[34mSELECT pg_advisory_unlock(6448643260712567145) /*application='RailsAipostsNoRules'*/[0m
  [1m[36mActiveRecord::SchemaMigration Load (0.0ms)[0m  [1m[34mSELECT "schema_migrations"."version" FROM "schema_migrations" ORDER BY "schema_migrations"."version" ASC /*application='RailsAipostsNoRules'*/[0m
  [1m[36mActiveRecord::SchemaMigration Load (1.0ms)[0m  [1m[34mSELECT "schema_migrations"."version" FROM "schema_migrations" ORDER BY "schema_migrations"."version" ASC /*application='RailsAipostsNoRules'*/[0m
  [1m[36mActiveRecord::InternalMetadata Load (1.1ms)[0m  [1m[34mSELECT * FROM "ar_internal_metadata" WHERE "ar_internal_metadata"."key" = 'environment' ORDER BY "ar_internal_metadata"."key" ASC LIMIT 1 /*application='RailsAipostsNoRules'*/[0m
  [1m[36mActiveRecord::SchemaMigration Load (0.1ms)[0m  [1m[34mSELECT "schema_migrations"."version" FROM "schema_migrations" ORDER BY "schema_migrations"."version" ASC /*application='RailsAipostsNoRules'*/[0m
  [1m[36mActiveRecord::InternalMetadata Load (0.1ms)[0m  [1m[34mSELECT * FROM "ar_internal_metadata" WHERE "ar_internal_metadata"."key" = 'environment' ORDER BY "ar_internal_metadata"."key" ASC LIMIT 1 /*application='RailsAipostsNoRules'*/[0m
  [1m[36mActiveRecord::SchemaMigration Load (0.1ms)[0m  [1m[34mSELECT "schema_migrations"."version" FROM "schema_migrations" ORDER BY "schema_migrations"."version" ASC /*application='RailsAipostsNoRules'*/[0m
  [1m[36mActiveRecord::InternalMetadata Load (0.1ms)[0m  [1m[34mSELECT * FROM "ar_internal_metadata" WHERE "ar_internal_metadata"."key" = 'environment' ORDER BY "ar_internal_metadata"."key" ASC LIMIT 1 /*application='RailsAipostsNoRules'*/[0m
  [1m[35mSQL (0.0ms)[0m  [1m[35mSET search_path TO public /*application='RailsAipostsNoRules'*/[0m
  [1m[35m (44.6ms)[0m  [1m[35mDROP DATABASE IF EXISTS "rails_aiposts_no_rules_test" /*application='RailsAipostsNoRules'*/[0m
  [1m[35m (86.0ms)[0m  [1m[35mCREATE DATABASE "rails_aiposts_no_rules_test" ENCODING = 'unicode' /*application='RailsAipostsNoRules'*/[0m
  [1m[35mSQL (35.3ms)[0m  [1m[35mCREATE EXTENSION IF NOT EXISTS "plpgsql" SCHEMA pg_catalog /*application='RailsAipostsNoRules'*/[0m
  [1m[35m (0.2ms)[0m  [1m[35mDROP TABLE IF EXISTS "active_storage_attachments" CASCADE /*application='RailsAipostsNoRules'*/[0m
  [1m[35m (8.5ms)[0m  [1m[35mCREATE TABLE "active_storage_attachments" ("id" bigserial primary key, "name" character varying NOT NULL, "record_type" character varying NOT NULL, "record_id" bigint NOT NULL, "blob_id" bigint NOT NULL, "created_at" timestamp(6) NOT NULL) /*application='RailsAipostsNoRules'*/[0m
  [1m[35m (0.9ms)[0m  [1m[35mCREATE INDEX "index_active_storage_attachments_on_blob_id" ON "active_storage_attachments" ("blob_id") /*application='RailsAipostsNoRules'*/[0m
  [1m[35m (0.8ms)[0m  [1m[35mCREATE UNIQUE INDEX "index_active_storage_attachments_uniqueness" ON "active_storage_attachments" ("record_type", "record_id", "name", "blob_id") /*application='RailsAipostsNoRules'*/[0m
  [1m[35m (0.2ms)[0m  [1m[35mDROP TABLE IF EXISTS "active_storage_blobs" CASCADE /*application='RailsAipostsNoRules'*/[0m
  [1m[35m (1.6ms)[0m  [1m[35mCREATE TABLE "active_storage_blobs" ("id" bigserial primary key, "key" character varying NOT NULL, "filename" character varying NOT NULL, "content_type" character varying, "metadata" text, "service_name" character varying NOT NULL, "byte_size" bigint NOT NULL, "checksum" character varying, "created_at" timestamp(6) NOT NULL) /*application='RailsAipostsNoRules'*/[0m
  [1m[35m (0.8ms)[0m  [1m[35mCREATE UNIQUE INDEX "index_active_storage_blobs_on_key" ON "active_storage_blobs" ("key") /*application='RailsAipostsNoRules'*/[0m
  [1m[35m (0.1ms)[0m  [1m[35mDROP TABLE IF EXISTS "active_storage_variant_records" CASCADE /*application='RailsAipostsNoRules'*/[0m
  [1m[35m (1.4ms)[0m  [1m[35mCREATE TABLE "active_storage_variant_records" ("id" bigserial primary key, "blob_id" bigint NOT NULL, "variation_digest" character varying NOT NULL) /*application='RailsAipostsNoRules'*/[0m
  [1m[35m (0.6ms)[0m  [1m[35mCREATE UNIQUE INDEX "index_active_storage_variant_records_uniqueness" ON "active_storage_variant_records" ("blob_id", "variation_digest") /*application='RailsAipostsNoRules'*/[0m
  [1m[35m (0.2ms)[0m  [1m[35mDROP TABLE IF EXISTS "comments" CASCADE /*application='RailsAipostsNoRules'*/[0m
  [1m[35m (1.5ms)[0m  [1m[35mCREATE TABLE "comments" ("id" bigserial primary key, "content" text, "user_id" bigint NOT NULL, "post_id" bigint NOT NULL, "created_at" timestamp(6) NOT NULL, "updated_at" timestamp(6) NOT NULL) /*application='RailsAipostsNoRules'*/[0m
  [1m[35m (0.5ms)[0m  [1m[35mCREATE INDEX "index_comments_on_post_id" ON "comments" ("post_id") /*application='RailsAipostsNoRules'*/[0m
  [1m[35m (0.4ms)[0m  [1m[35mCREATE INDEX "index_comments_on_user_id" ON "comments" ("user_id") /*application='RailsAipostsNoRules'*/[0m
  [1m[35m (0.1ms)[0m  [1m[35mDROP TABLE IF EXISTS "follows" CASCADE /*application='RailsAipostsNoRules'*/[0m
  [1m[35m (1.1ms)[0m  [1m[35mCREATE TABLE "follows" ("id" bigserial primary key, "follower_id" bigint NOT NULL, "following_id" bigint NOT NULL, "created_at" timestamp(6) NOT NULL, "updated_at" timestamp(6) NOT NULL) /*application='RailsAipostsNoRules'*/[0m
  [1m[35m (0.5ms)[0m  [1m[35mCREATE UNIQUE INDEX "index_follows_on_follower_id_and_following_id" ON "follows" ("follower_id", "following_id") /*application='RailsAipostsNoRules'*/[0m
  [1m[35m (0.5ms)[0m  [1m[35mCREATE INDEX "index_follows_on_follower_id" ON "follows" ("follower_id") /*application='RailsAipostsNoRules'*/[0m
  [1m[35m (0.5ms)[0m  [1m[35mCREATE INDEX "index_follows_on_following_id" ON "follows" ("following_id") /*application='RailsAipostsNoRules'*/[0m
  [1m[35m (0.1ms)[0m  [1m[35mDROP TABLE IF EXISTS "likes" CASCADE /*application='RailsAipostsNoRules'*/[0m
  [1m[35m (0.9ms)[0m  [1m[35mCREATE TABLE "likes" ("id" bigserial primary key, "user_id" bigint NOT NULL, "post_id" bigint NOT NULL, "created_at" timestamp(6) NOT NULL, "updated_at" timestamp(6) NOT NULL) /*application='RailsAipostsNoRules'*/[0m
  [1m[35m (0.5ms)[0m  [1m[35mCREATE INDEX "index_likes_on_post_id" ON "likes" ("post_id") /*application='RailsAipostsNoRules'*/[0m
  [1m[35m (0.5ms)[0m  [1m[35mCREATE UNIQUE INDEX "index_likes_on_user_id_and_post_id" ON "likes" ("user_id", "post_id") /*application='RailsAipostsNoRules'*/[0m
  [1m[35m (0.7ms)[0m  [1m[35mCREATE INDEX "index_likes_on_user_id" ON "likes" ("user_id") /*application='RailsAipostsNoRules'*/[0m
  [1m[35m (0.1ms)[0m  [1m[35mDROP TABLE IF EXISTS "notifications" CASCADE /*application='RailsAipostsNoRules'*/[0m
  [1m[35m (4.3ms)[0m  [1m[35mCREATE TABLE "notifications" ("id" bigserial primary key, "title" character varying NOT NULL, "content" text NOT NULL, "read" boolean DEFAULT FALSE NOT NULL, "user_id" bigint NOT NULL, "notifiable_type" character varying NOT NULL, "notifiable_id" bigint NOT NULL, "created_at" timestamp(6) NOT NULL, "updated_at" timestamp(6) NOT NULL) /*application='RailsAipostsNoRules'*/[0m
  [1m[35m (0.7ms)[0m  [1m[35mCREATE INDEX "index_notifications_on_created_at" ON "notifications" ("created_at") /*application='RailsAipostsNoRules'*/[0m
  [1m[35m (0.9ms)[0m  [1m[35mCREATE INDEX "index_notifications_on_notifiable" ON "notifications" ("notifiable_type", "notifiable_id") /*application='RailsAipostsNoRules'*/[0m
  [1m[35m (0.5ms)[0m  [1m[35mCREATE INDEX "index_notifications_on_notifiable_type_and_notifiable_id" ON "notifications" ("notifiable_type", "notifiable_id") /*application='RailsAipostsNoRules'*/[0m
  [1m[35m (0.6ms)[0m  [1m[35mCREATE INDEX "index_notifications_on_read" ON "notifications" ("read") /*application='RailsAipostsNoRules'*/[0m
  [1m[35m (0.5ms)[0m  [1m[35mCREATE INDEX "index_notifications_on_user_id" ON "notifications" ("user_id") /*application='RailsAipostsNoRules'*/[0m
  [1m[35m (0.1ms)[0m  [1m[35mDROP TABLE IF EXISTS "posts" CASCADE /*application='RailsAipostsNoRules'*/[0m
  [1m[35m (1.9ms)[0m  [1m[35mCREATE TABLE "posts" ("id" bigserial primary key, "content" text NOT NULL, "tags" text, "user_id" bigint NOT NULL, "created_at" timestamp(6) NOT NULL, "updated_at" timestamp(6) NOT NULL) /*application='RailsAipostsNoRules'*/[0m
  [1m[35m (0.6ms)[0m  [1m[35mCREATE INDEX "index_posts_on_created_at" ON "posts" ("created_at") /*application='RailsAipostsNoRules'*/[0m
  [1m[35m (0.5ms)[0m  [1m[35mCREATE INDEX "index_posts_on_tags" ON "posts" ("tags") /*application='RailsAipostsNoRules'*/[0m
  [1m[35m (0.7ms)[0m  [1m[35mCREATE INDEX "index_posts_on_user_id" ON "posts" ("user_id") /*application='RailsAipostsNoRules'*/[0m
  [1m[35m (0.1ms)[0m  [1m[35mDROP TABLE IF EXISTS "users" CASCADE /*application='RailsAipostsNoRules'*/[0m
  [1m[35m (1.5ms)[0m  [1m[35mCREATE TABLE "users" ("id" bigserial primary key, "first_name" character varying NOT NULL, "last_name" character varying NOT NULL, "username" character varying NOT NULL, "email" character varying NOT NULL, "password_digest" character varying NOT NULL, "bio" text, "website" character varying, "location" character varying, "created_at" timestamp(6) NOT NULL, "updated_at" timestamp(6) NOT NULL) /*application='RailsAipostsNoRules'*/[0m
  [1m[35m (0.6ms)[0m  [1m[35mCREATE UNIQUE INDEX "index_users_on_email" ON "users" ("email") /*application='RailsAipostsNoRules'*/[0m
  [1m[35m (0.6ms)[0m  [1m[35mCREATE INDEX "index_users_on_first_name_and_last_name" ON "users" ("first_name", "last_name") /*application='RailsAipostsNoRules'*/[0m
  [1m[35m (0.8ms)[0m  [1m[35mCREATE INDEX "index_users_on_location" ON "users" ("location") /*application='RailsAipostsNoRules'*/[0m
  [1m[35m (0.5ms)[0m  [1m[35mCREATE UNIQUE INDEX "index_users_on_username" ON "users" ("username") /*application='RailsAipostsNoRules'*/[0m
  [1m[35m (4.6ms)[0m  [1m[35mALTER TABLE "active_storage_attachments" ADD CONSTRAINT "fk_rails_c3b3935057"
FOREIGN KEY ("blob_id")
  REFERENCES "active_storage_blobs" ("id")
 /*application='RailsAipostsNoRules'*/[0m
  [1m[35m (0.9ms)[0m  [1m[35mALTER TABLE "active_storage_variant_records" ADD CONSTRAINT "fk_rails_993965df05"
FOREIGN KEY ("blob_id")
  REFERENCES "active_storage_blobs" ("id")
 /*application='RailsAipostsNoRules'*/[0m
  [1m[35m (1.0ms)[0m  [1m[35mALTER TABLE "comments" ADD CONSTRAINT "fk_rails_2fd19c0db7"
FOREIGN KEY ("post_id")
  REFERENCES "posts" ("id")
 /*application='RailsAipostsNoRules'*/[0m
  [1m[35m (1.1ms)[0m  [1m[35mALTER TABLE "comments" ADD CONSTRAINT "fk_rails_03de2dc08c"
FOREIGN KEY ("user_id")
  REFERENCES "users" ("id")
 /*application='RailsAipostsNoRules'*/[0m
  [1m[35m (0.9ms)[0m  [1m[35mALTER TABLE "follows" ADD CONSTRAINT "fk_rails_622d34a301"
FOREIGN KEY ("follower_id")
  REFERENCES "users" ("id")
 /*application='RailsAipostsNoRules'*/[0m
  [1m[35m (0.6ms)[0m  [1m[35mALTER TABLE "follows" ADD CONSTRAINT "fk_rails_9cfc70f043"
FOREIGN KEY ("following_id")
  REFERENCES "users" ("id")
 /*application='RailsAipostsNoRules'*/[0m
  [1m[35m (1.0ms)[0m  [1m[35mALTER TABLE "likes" ADD CONSTRAINT "fk_rails_87a8aac469"
FOREIGN KEY ("post_id")
  REFERENCES "posts" ("id")
 /*application='RailsAipostsNoRules'*/[0m
  [1m[35m (0.6ms)[0m  [1m[35mALTER TABLE "likes" ADD CONSTRAINT "fk_rails_1e09b5dabf"
FOREIGN KEY ("user_id")
  REFERENCES "users" ("id")
 /*application='RailsAipostsNoRules'*/[0m
  [1m[35m (1.0ms)[0m  [1m[35mALTER TABLE "notifications" ADD CONSTRAINT "fk_rails_b080fb4855"
FOREIGN KEY ("user_id")
  REFERENCES "users" ("id")
 /*application='RailsAipostsNoRules'*/[0m
  [1m[35m (0.6ms)[0m  [1m[35mALTER TABLE "posts" ADD CONSTRAINT "fk_rails_5b5ddfd518"
FOREIGN KEY ("user_id")
  REFERENCES "users" ("id")
 /*application='RailsAipostsNoRules'*/[0m
  [1m[35m (1.8ms)[0m  [1m[35mCREATE TABLE "schema_migrations" ("version" character varying NOT NULL PRIMARY KEY) /*application='RailsAipostsNoRules'*/[0m
  [1m[36mActiveRecord::SchemaMigration Load (0.6ms)[0m  [1m[34mSELECT "schema_migrations"."version" FROM "schema_migrations" ORDER BY "schema_migrations"."version" ASC /*application='RailsAipostsNoRules'*/[0m
  [1m[35m (1.6ms)[0m  [1m[32mINSERT INTO "schema_migrations" (version) VALUES (20250923143357) /*application='RailsAipostsNoRules'*/[0m
  [1m[35m (0.8ms)[0m  [1m[32mINSERT INTO "schema_migrations" (version) VALUES
(20250922205927),
(20250922205133),
(20250922205130),
(20250922205126),
(20250922205123),
(20250922205118); /*application='RailsAipostsNoRules'*/[0m
  [1m[35m (2.0ms)[0m  [1m[35mCREATE TABLE "ar_internal_metadata" ("key" character varying NOT NULL PRIMARY KEY, "value" character varying, "created_at" timestamp(6) NOT NULL, "updated_at" timestamp(6) NOT NULL) /*application='RailsAipostsNoRules'*/[0m
  [1m[36mActiveRecord::InternalMetadata Load (1.1ms)[0m  [1m[34mSELECT * FROM "ar_internal_metadata" WHERE "ar_internal_metadata"."key" = 'environment' ORDER BY "ar_internal_metadata"."key" ASC LIMIT 1 /*application='RailsAipostsNoRules'*/[0m
  [1m[36mActiveRecord::InternalMetadata Create (1.1ms)[0m  [1m[32mINSERT INTO "ar_internal_metadata" ("key", "value", "created_at", "updated_at") VALUES ('environment', 'development', '2025-09-23 14:38:22.845250', '2025-09-23 14:38:22.845257') RETURNING "key" /*application='RailsAipostsNoRules'*/[0m
  [1m[36mActiveRecord::InternalMetadata Load (0.4ms)[0m  [1m[34mSELECT * FROM "ar_internal_metadata" WHERE "ar_internal_metadata"."key" = 'environment' ORDER BY "ar_internal_metadata"."key" ASC LIMIT 1 /*application='RailsAipostsNoRules'*/[0m
  [1m[36mActiveRecord::InternalMetadata Update (1.6ms)[0m  [1m[33mUPDATE "ar_internal_metadata" SET "value" = 'test', "updated_at" = '2025-09-23 14:38:22.851337' WHERE "ar_internal_metadata"."key" = 'environment' /*application='RailsAipostsNoRules'*/[0m
  [1m[36mActiveRecord::InternalMetadata Load (0.7ms)[0m  [1m[34mSELECT * FROM "ar_internal_metadata" WHERE "ar_internal_metadata"."key" = 'schema_sha1' ORDER BY "ar_internal_metadata"."key" ASC LIMIT 1 /*application='RailsAipostsNoRules'*/[0m
  [1m[36mActiveRecord::InternalMetadata Create (0.7ms)[0m  [1m[32mINSERT INTO "ar_internal_metadata" ("key", "value", "created_at", "updated_at") VALUES ('schema_sha1', 'becf15df573f1a97cdb46d22e975898c564b4a71', '2025-09-23 14:38:22.857007', '2025-09-23 14:38:22.857012') RETURNING "key" /*application='RailsAipostsNoRules'*/[0m
